<?xml version="1.0" encoding="UTF-8"?>
<!-- Generated by org.testng.reporters.JUnitXMLReporter -->
<testsuite ignored="0" hostname="Gawalis-MacBook-Pro.local" failures="0" tests="2" name="Default test" time="15.74" errors="0" timestamp="2024-03-24T01:24:27 IST">
  <testcase classname="io.cucumber.testng.AbstractTestNGCucumberTests" name="runScenario" time="8.225"/>
  <testcase classname="io.cucumber.testng.AbstractTestNGCucumberTests" name="runScenario" time="7.08"/>
</testsuite> <!-- Default test -->
